[debug] [2020-12-02T11:34:49.122Z] ----------------------------------------------------------------------
[debug] [2020-12-02T11:34:49.128Z] Command:       C:\Program Files\nodejs\node.exe C:\Users\Tausif\AppData\Roaming\npm\node_modules\firebase-tools\lib\bin\firebase.js login
[debug] [2020-12-02T11:34:49.129Z] CLI Version:   8.16.2
[debug] [2020-12-02T11:34:49.129Z] Platform:      win32
[debug] [2020-12-02T11:34:49.129Z] Node Version:  v15.2.1
[debug] [2020-12-02T11:34:49.252Z] Time:          Wed Dec 02 2020 17:04:49 GMT+0530 (India Standard Time)
[debug] [2020-12-02T11:34:49.254Z] ----------------------------------------------------------------------
[debug] [2020-12-02T11:34:49.254Z] 
[info] i  Firebase optionally collects CLI usage and error reporting information to help improve our products. Data is collected in accordance with Google's privacy policy (https://policies.google.com/privacy) and is not used to identify you.
 
[info] i  To change your data collection preference at any time, run `firebase logout` and log in again. 
[info] 
[info] Visit this URL on this device to log in:
[info] https://accounts.google.com/o/oauth2/auth?client_id=563584335869-fgrhgmd47bqnekij5i8b5pr03ho849e6.apps.googleusercontent.com&scope=email%20openid%20https%3A%2F%2Fwww.googleapis.com%2Fauth%2Fcloudplatformprojects.readonly%20https%3A%2F%2Fwww.googleapis.com%2Fauth%2Ffirebase%20https%3A%2F%2Fwww.googleapis.com%2Fauth%2Fcloud-platform&response_type=code&state=57372186&redirect_uri=http%3A%2F%2Flocalhost%3A9005
[info] 
[info] Waiting for authentication...
[debug] [2020-12-02T11:34:57.059Z] Error: spawn cmd ENOENT
    at Process.ChildProcess._handle.onexit (node:internal/child_process:269:19)
    at onErrorNT (node:internal/child_process:467:16)
    at processTicksAndRejections (node:internal/process/task_queues:80:21)
[error] 
[error] Error: An unexpected error has occurred.
